{
  "D:\\RS SCHOOL\\class-components_q2y26\\src\\App.tsx": {
    "path": "D:\\RS SCHOOL\\class-components_q2y26\\src\\App.tsx",
    "statementMap": {
      "0": {
        "start": { "line": 11, "column": 20 },
        "end": { "line": 16, "column": null }
      },
      "1": {
        "start": { "line": 18, "column": 2 },
        "end": { "line": 50, "column": null }
      },
      "2": {
        "start": { "line": 53, "column": 2 },
        "end": { "line": 58, "column": null }
      },
      "3": {
        "start": { "line": 19, "column": 24 },
        "end": { "line": 19, "column": 35 }
      },
      "4": {
        "start": { "line": 20, "column": 16 },
        "end": { "line": 20, "column": 68 }
      },
      "5": {
        "start": { "line": 21, "column": 4 },
        "end": { "line": 21, "column": null }
      },
      "6": {
        "start": { "line": 22, "column": 4 },
        "end": { "line": 22, "column": null }
      },
      "7": {
        "start": { "line": 24, "column": 4 },
        "end": { "line": 24, "column": null }
      },
      "8": {
        "start": { "line": 24, "column": 47 },
        "end": { "line": 24, "column": null }
      },
      "9": {
        "start": { "line": 25, "column": 4 },
        "end": { "line": 25, "column": null }
      },
      "10": {
        "start": { "line": 27, "column": 4 },
        "end": { "line": 50, "column": null }
      },
      "11": {
        "start": { "line": 29, "column": 8 },
        "end": { "line": 29, "column": null }
      },
      "12": {
        "start": { "line": 29, "column": 20 },
        "end": { "line": 29, "column": null }
      },
      "13": {
        "start": { "line": 30, "column": 8 },
        "end": { "line": 34, "column": null }
      },
      "14": {
        "start": { "line": 37, "column": 8 },
        "end": { "line": 41, "column": null }
      },
      "15": {
        "start": { "line": 44, "column": 8 },
        "end": { "line": 49, "column": null }
      },
      "16": {
        "start": { "line": 54, "column": 45 },
        "end": { "line": 54, "column": null }
      },
      "17": {
        "start": { "line": 55, "column": 4 },
        "end": { "line": 55, "column": null }
      },
      "18": {
        "start": { "line": 55, "column": 19 },
        "end": { "line": 55, "column": null }
      },
      "19": {
        "start": { "line": 56, "column": 4 },
        "end": { "line": 56, "column": null }
      },
      "20": {
        "start": { "line": 56, "column": 15 },
        "end": { "line": 56, "column": null }
      },
      "21": {
        "start": { "line": 57, "column": 4 },
        "end": { "line": 57, "column": null }
      },
      "22": {
        "start": { "line": 57, "column": 33 },
        "end": { "line": 57, "column": null }
      },
      "23": {
        "start": { "line": 58, "column": 4 },
        "end": { "line": 58, "column": null }
      },
      "24": {
        "start": { "line": 62, "column": 28 },
        "end": { "line": 62, "column": null }
      },
      "25": {
        "start": { "line": 63, "column": 4 },
        "end": { "line": 63, "column": null }
      },
      "26": {
        "start": { "line": 63, "column": 48 },
        "end": { "line": 63, "column": 53 }
      },
      "27": {
        "start": { "line": 67, "column": 4 },
        "end": { "line": 70, "column": null }
      }
    },
    "fnMap": {
      "0": {
        "name": "(anonymous_0)",
        "decl": {
          "start": { "line": 18, "column": 2 },
          "end": { "line": 18, "column": 15 }
        },
        "loc": {
          "start": { "line": 18, "column": 29 },
          "end": { "line": 50, "column": null }
        },
        "line": 18
      },
      "1": {
        "name": "(anonymous_1)",
        "decl": {
          "start": { "line": 28, "column": 7 },
          "end": { "line": 28, "column": 13 }
        },
        "loc": {
          "start": { "line": 28, "column": 21 },
          "end": { "line": 35, "column": null }
        },
        "line": 28
      },
      "2": {
        "name": "(anonymous_2)",
        "decl": {
          "start": { "line": 36, "column": 7 },
          "end": { "line": 36, "column": 13 }
        },
        "loc": {
          "start": { "line": 36, "column": 35 },
          "end": { "line": 42, "column": null }
        },
        "line": 36
      },
      "3": {
        "name": "(anonymous_3)",
        "decl": {
          "start": { "line": 43, "column": 7 },
          "end": { "line": 43, "column": 14 }
        },
        "loc": {
          "start": { "line": 43, "column": 22 },
          "end": { "line": 50, "column": null }
        },
        "line": 43
      },
      "4": {
        "name": "(anonymous_4)",
        "decl": {
          "start": { "line": 53, "column": 2 },
          "end": { "line": 53, "column": 24 }
        },
        "loc": {
          "start": { "line": 53, "column": 24 },
          "end": { "line": 58, "column": null }
        },
        "line": 53
      },
      "5": {
        "name": "(anonymous_5)",
        "decl": {
          "start": { "line": 61, "column": 2 },
          "end": { "line": 61, "column": 22 }
        },
        "loc": {
          "start": { "line": 61, "column": 22 },
          "end": { "line": 63, "column": null }
        },
        "line": 61
      },
      "6": {
        "name": "(anonymous_6)",
        "decl": {
          "start": { "line": 63, "column": 36 },
          "end": { "line": 63, "column": 48 }
        },
        "loc": {
          "start": { "line": 63, "column": 48 },
          "end": { "line": 63, "column": 53 }
        },
        "line": 63
      },
      "7": {
        "name": "(anonymous_7)",
        "decl": {
          "start": { "line": 66, "column": 2 },
          "end": { "line": 66, "column": 11 }
        },
        "loc": {
          "start": { "line": 66, "column": 11 },
          "end": { "line": 70, "column": null }
        },
        "line": 66
      }
    },
    "branchMap": {
      "0": {
        "loc": {
          "start": { "line": 18, "column": 15 },
          "end": { "line": 18, "column": 29 }
        },
        "type": "default-arg",
        "locations": [
          {
            "start": { "line": 18, "column": 22 },
            "end": { "line": 18, "column": 29 }
          }
        ],
        "line": 18
      },
      "1": {
        "loc": {
          "start": { "line": 24, "column": 4 },
          "end": { "line": 24, "column": null }
        },
        "type": "if",
        "locations": [
          {
            "start": { "line": 24, "column": 4 },
            "end": { "line": 24, "column": null }
          },
          { "start": {}, "end": {} }
        ],
        "line": 24
      },
      "2": {
        "loc": {
          "start": { "line": 29, "column": 8 },
          "end": { "line": 29, "column": null }
        },
        "type": "if",
        "locations": [
          {
            "start": { "line": 29, "column": 8 },
            "end": { "line": 29, "column": null }
          },
          { "start": {}, "end": {} }
        ],
        "line": 29
      },
      "3": {
        "loc": {
          "start": { "line": 31, "column": 10 },
          "end": { "line": 33, "column": null }
        },
        "type": "cond-expr",
        "locations": [
          {
            "start": { "line": 32, "column": 14 },
            "end": { "line": 32, "column": null }
          },
          {
            "start": { "line": 33, "column": 14 },
            "end": { "line": 33, "column": null }
          }
        ],
        "line": 31
      },
      "4": {
        "loc": {
          "start": { "line": 38, "column": 22 },
          "end": { "line": 38, "column": 40 }
        },
        "type": "binary-expr",
        "locations": [
          {
            "start": { "line": 38, "column": 22 },
            "end": { "line": 38, "column": 38 }
          },
          {
            "start": { "line": 38, "column": 38 },
            "end": { "line": 38, "column": 40 }
          }
        ],
        "line": 38
      },
      "5": {
        "loc": {
          "start": { "line": 55, "column": 4 },
          "end": { "line": 55, "column": null }
        },
        "type": "if",
        "locations": [
          {
            "start": { "line": 55, "column": 4 },
            "end": { "line": 55, "column": null }
          },
          { "start": {}, "end": {} }
        ],
        "line": 55
      },
      "6": {
        "loc": {
          "start": { "line": 56, "column": 4 },
          "end": { "line": 56, "column": null }
        },
        "type": "if",
        "locations": [
          {
            "start": { "line": 56, "column": 4 },
            "end": { "line": 56, "column": null }
          },
          { "start": {}, "end": {} }
        ],
        "line": 56
      },
      "7": {
        "loc": {
          "start": { "line": 57, "column": 4 },
          "end": { "line": 57, "column": null }
        },
        "type": "if",
        "locations": [
          {
            "start": { "line": 57, "column": 4 },
            "end": { "line": 57, "column": null }
          },
          { "start": {}, "end": {} }
        ],
        "line": 57
      },
      "8": {
        "loc": {
          "start": { "line": 62, "column": 28 },
          "end": { "line": 62, "column": null }
        },
        "type": "binary-expr",
        "locations": [
          {
            "start": { "line": 62, "column": 28 },
            "end": { "line": 62, "column": 62 }
          },
          {
            "start": { "line": 62, "column": 66 },
            "end": { "line": 62, "column": null }
          }
        ],
        "line": 62
      }
    },
    "s": {
      "0": 0,
      "1": 0,
      "2": 0,
      "3": 0,
      "4": 0,
      "5": 0,
      "6": 0,
      "7": 0,
      "8": 0,
      "9": 0,
      "10": 0,
      "11": 0,
      "12": 0,
      "13": 0,
      "14": 0,
      "15": 0,
      "16": 0,
      "17": 0,
      "18": 0,
      "19": 0,
      "20": 0,
      "21": 0,
      "22": 0,
      "23": 0,
      "24": 0,
      "25": 0,
      "26": 0,
      "27": 0
    },
    "f": { "0": 0, "1": 0, "2": 0, "3": 0, "4": 0, "5": 0, "6": 0, "7": 0 },
    "b": {
      "0": [0],
      "1": [0, 0],
      "2": [0, 0],
      "3": [0, 0],
      "4": [0, 0],
      "5": [0, 0],
      "6": [0, 0],
      "7": [0, 0],
      "8": [0, 0]
    },
    "meta": {
      "lastBranch": 9,
      "lastFunction": 8,
      "lastStatement": 28,
      "seen": {
        "s:11:20:16:Infinity": 0,
        "s:18:2:50:Infinity": 1,
        "s:53:2:58:Infinity": 2,
        "f:18:2:18:15": 0,
        "b:18:22:18:29": 0,
        "s:19:24:19:35": 3,
        "s:20:16:20:68": 4,
        "s:21:4:21:Infinity": 5,
        "s:22:4:22:Infinity": 6,
        "b:24:4:24:Infinity:undefined:undefined:undefined:undefined": 1,
        "s:24:4:24:Infinity": 7,
        "s:24:47:24:Infinity": 8,
        "s:25:4:25:Infinity": 9,
        "s:27:4:50:Infinity": 10,
        "f:28:7:28:13": 1,
        "b:29:8:29:Infinity:undefined:undefined:undefined:undefined": 2,
        "s:29:8:29:Infinity": 11,
        "s:29:20:29:Infinity": 12,
        "s:30:8:34:Infinity": 13,
        "b:32:14:32:Infinity:33:14:33:Infinity": 3,
        "f:36:7:36:13": 2,
        "s:37:8:41:Infinity": 14,
        "b:38:22:38:38:38:38:38:40": 4,
        "f:43:7:43:14": 3,
        "s:44:8:49:Infinity": 15,
        "f:53:2:53:24": 4,
        "s:54:45:54:Infinity": 16,
        "b:55:4:55:Infinity:undefined:undefined:undefined:undefined": 5,
        "s:55:4:55:Infinity": 17,
        "s:55:19:55:Infinity": 18,
        "b:56:4:56:Infinity:undefined:undefined:undefined:undefined": 6,
        "s:56:4:56:Infinity": 19,
        "s:56:15:56:Infinity": 20,
        "b:57:4:57:Infinity:undefined:undefined:undefined:undefined": 7,
        "s:57:4:57:Infinity": 21,
        "s:57:33:57:Infinity": 22,
        "s:58:4:58:Infinity": 23,
        "f:61:2:61:22": 5,
        "s:62:28:62:Infinity": 24,
        "b:62:28:62:62:62:66:62:Infinity": 8,
        "s:63:4:63:Infinity": 25,
        "f:63:36:63:48": 6,
        "s:63:48:63:53": 26,
        "f:66:2:66:11": 7,
        "s:67:4:70:Infinity": 27
      }
    }
  },
  "D:\\RS SCHOOL\\class-components_q2y26\\src\\main.tsx": {
    "path": "D:\\RS SCHOOL\\class-components_q2y26\\src\\main.tsx",
    "statementMap": {
      "0": {
        "start": { "line": 7, "column": 0 },
        "end": { "line": 13, "column": null }
      }
    },
    "fnMap": {},
    "branchMap": {},
    "s": { "0": 0 },
    "f": {},
    "b": {},
    "meta": {
      "lastBranch": 0,
      "lastFunction": 0,
      "lastStatement": 1,
      "seen": { "s:7:0:13:Infinity": 0 }
    }
  },
  "D:\\RS SCHOOL\\class-components_q2y26\\src\\components\\CardList\\CardList.tsx": {
    "path": "D:\\RS SCHOOL\\class-components_q2y26\\src\\components\\CardList\\CardList.tsx",
    "statementMap": {
      "0": {
        "start": { "line": 12, "column": 27 },
        "end": { "line": 12, "column": null }
      },
      "1": {
        "start": { "line": 14, "column": 4 },
        "end": { "line": 20, "column": null }
      },
      "2": {
        "start": { "line": 18, "column": 12 },
        "end": { "line": 19, "column": null }
      }
    },
    "fnMap": {
      "0": {
        "name": "(anonymous_0)",
        "decl": {
          "start": { "line": 11, "column": 2 },
          "end": { "line": 11, "column": 11 }
        },
        "loc": {
          "start": { "line": 11, "column": 11 },
          "end": { "line": 20, "column": null }
        },
        "line": 11
      },
      "1": {
        "name": "(anonymous_1)",
        "decl": {
          "start": { "line": 17, "column": 21 },
          "end": { "line": 17, "column": 26 }
        },
        "loc": {
          "start": { "line": 18, "column": 12 },
          "end": { "line": 19, "column": null }
        },
        "line": 18
      }
    },
    "branchMap": {
      "0": {
        "loc": {
          "start": { "line": 16, "column": 9 },
          "end": { "line": 19, "column": null }
        },
        "type": "binary-expr",
        "locations": [
          {
            "start": { "line": 16, "column": 9 },
            "end": { "line": 16, "column": null }
          },
          {
            "start": { "line": 17, "column": 10 },
            "end": { "line": 19, "column": null }
          }
        ],
        "line": 16
      }
    },
    "s": { "0": 0, "1": 0, "2": 0 },
    "f": { "0": 0, "1": 0 },
    "b": { "0": [0, 0] },
    "meta": {
      "lastBranch": 1,
      "lastFunction": 2,
      "lastStatement": 3,
      "seen": {
        "f:11:2:11:11": 0,
        "s:12:27:12:Infinity": 0,
        "s:14:4:20:Infinity": 1,
        "b:16:9:16:Infinity:17:10:19:Infinity": 0,
        "f:17:21:17:26": 1,
        "s:18:12:19:Infinity": 2
      }
    }
  },
  "D:\\RS SCHOOL\\class-components_q2y26\\src\\components\\CardList\\CharacterCard\\CharacterCard.tsx": {
    "path": "D:\\RS SCHOOL\\class-components_q2y26\\src\\components\\CardList\\CharacterCard\\CharacterCard.tsx",
    "statementMap": {
      "0": {
        "start": { "line": 11, "column": 22 },
        "end": { "line": 11, "column": null }
      },
      "1": {
        "start": { "line": 13, "column": 4 },
        "end": { "line": 49, "column": null }
      }
    },
    "fnMap": {
      "0": {
        "name": "(anonymous_0)",
        "decl": {
          "start": { "line": 10, "column": 2 },
          "end": { "line": 10, "column": 11 }
        },
        "loc": {
          "start": { "line": 10, "column": 11 },
          "end": { "line": 49, "column": null }
        },
        "line": 10
      }
    },
    "branchMap": {},
    "s": { "0": 0, "1": 0 },
    "f": { "0": 0 },
    "b": {},
    "meta": {
      "lastBranch": 0,
      "lastFunction": 1,
      "lastStatement": 2,
      "seen": {
        "f:10:2:10:11": 0,
        "s:11:22:11:Infinity": 0,
        "s:13:4:49:Infinity": 1
      }
    }
  },
  "D:\\RS SCHOOL\\class-components_q2y26\\src\\components\\ErrorBoundary\\ErrorBoundary.tsx": {
    "path": "D:\\RS SCHOOL\\class-components_q2y26\\src\\components\\ErrorBoundary\\ErrorBoundary.tsx",
    "statementMap": {
      "0": {
        "start": { "line": 13, "column": 17 },
        "end": { "line": 13, "column": 36 }
      },
      "1": {
        "start": { "line": 16, "column": 4 },
        "end": { "line": 16, "column": null }
      },
      "2": {
        "start": { "line": 20, "column": 4 },
        "end": { "line": 20, "column": null }
      },
      "3": {
        "start": { "line": 24, "column": 4 },
        "end": { "line": 28, "column": null }
      },
      "4": {
        "start": { "line": 25, "column": 6 },
        "end": { "line": 28, "column": null }
      },
      "5": {
        "start": { "line": 28, "column": 33 },
        "end": { "line": 28, "column": 57 }
      },
      "6": {
        "start": { "line": 33, "column": 4 },
        "end": { "line": 33, "column": null }
      }
    },
    "fnMap": {
      "0": {
        "name": "(anonymous_0)",
        "decl": {
          "start": { "line": 15, "column": 9 },
          "end": { "line": 15, "column": 43 }
        },
        "loc": {
          "start": { "line": 15, "column": 43 },
          "end": { "line": 16, "column": null }
        },
        "line": 15
      },
      "1": {
        "name": "(anonymous_1)",
        "decl": {
          "start": { "line": 19, "column": 2 },
          "end": { "line": 19, "column": 20 }
        },
        "loc": {
          "start": { "line": 19, "column": 56 },
          "end": { "line": 20, "column": null }
        },
        "line": 19
      },
      "2": {
        "name": "(anonymous_2)",
        "decl": {
          "start": { "line": 23, "column": 2 },
          "end": { "line": 23, "column": 11 }
        },
        "loc": {
          "start": { "line": 23, "column": 11 },
          "end": { "line": 33, "column": null }
        },
        "line": 23
      },
      "3": {
        "name": "(anonymous_3)",
        "decl": {
          "start": { "line": 28, "column": 18 },
          "end": { "line": 28, "column": 33 }
        },
        "loc": {
          "start": { "line": 28, "column": 33 },
          "end": { "line": 28, "column": 57 }
        },
        "line": 28
      }
    },
    "branchMap": {
      "0": {
        "loc": {
          "start": { "line": 24, "column": 4 },
          "end": { "line": 28, "column": null }
        },
        "type": "if",
        "locations": [
          {
            "start": { "line": 24, "column": 4 },
            "end": { "line": 28, "column": null }
          },
          { "start": {}, "end": {} }
        ],
        "line": 24
      }
    },
    "s": { "0": 0, "1": 0, "2": 0, "3": 0, "4": 0, "5": 0, "6": 0 },
    "f": { "0": 0, "1": 0, "2": 0, "3": 0 },
    "b": { "0": [0, 0] },
    "meta": {
      "lastBranch": 1,
      "lastFunction": 4,
      "lastStatement": 7,
      "seen": {
        "s:13:17:13:36": 0,
        "f:15:9:15:43": 0,
        "s:16:4:16:Infinity": 1,
        "f:19:2:19:20": 1,
        "s:20:4:20:Infinity": 2,
        "f:23:2:23:11": 2,
        "b:24:4:28:Infinity:undefined:undefined:undefined:undefined": 0,
        "s:24:4:28:Infinity": 3,
        "s:25:6:28:Infinity": 4,
        "f:28:18:28:33": 3,
        "s:28:33:28:57": 5,
        "s:33:4:33:Infinity": 6
      }
    }
  },
  "D:\\RS SCHOOL\\class-components_q2y26\\src\\components\\ErrorMessage\\ErrorMessage.tsx": {
    "path": "D:\\RS SCHOOL\\class-components_q2y26\\src\\components\\ErrorMessage\\ErrorMessage.tsx",
    "statementMap": {
      "0": {
        "start": { "line": 10, "column": 4 },
        "end": { "line": 13, "column": null }
      }
    },
    "fnMap": {
      "0": {
        "name": "(anonymous_0)",
        "decl": {
          "start": { "line": 9, "column": 2 },
          "end": { "line": 9, "column": 11 }
        },
        "loc": {
          "start": { "line": 9, "column": 11 },
          "end": { "line": 13, "column": null }
        },
        "line": 9
      }
    },
    "branchMap": {},
    "s": { "0": 0 },
    "f": { "0": 0 },
    "b": {},
    "meta": {
      "lastBranch": 0,
      "lastFunction": 1,
      "lastStatement": 1,
      "seen": { "f:9:2:9:11": 0, "s:10:4:13:Infinity": 0 }
    }
  },
  "D:\\RS SCHOOL\\class-components_q2y26\\src\\components\\Header\\Header.tsx": {
    "path": "D:\\RS SCHOOL\\class-components_q2y26\\src\\components\\Header\\Header.tsx",
    "statementMap": {
      "0": {
        "start": { "line": 8, "column": 10 },
        "end": { "line": 9, "column": null }
      },
      "1": {
        "start": { "line": 12, "column": 2 },
        "end": { "line": 13, "column": null }
      },
      "2": {
        "start": { "line": 13, "column": 4 },
        "end": { "line": 13, "column": null }
      },
      "3": {
        "start": { "line": 17, "column": 4 },
        "end": { "line": 17, "column": null }
      },
      "4": {
        "start": { "line": 17, "column": 30 },
        "end": { "line": 17, "column": null }
      },
      "5": {
        "start": { "line": 18, "column": 4 },
        "end": { "line": 49, "column": null }
      }
    },
    "fnMap": {
      "0": {
        "name": "(anonymous_0)",
        "decl": {
          "start": { "line": 12, "column": 2 },
          "end": { "line": 12, "column": 20 }
        },
        "loc": {
          "start": { "line": 12, "column": 20 },
          "end": { "line": 13, "column": null }
        },
        "line": 12
      },
      "1": {
        "name": "(anonymous_1)",
        "decl": {
          "start": { "line": 16, "column": 2 },
          "end": { "line": 16, "column": 11 }
        },
        "loc": {
          "start": { "line": 16, "column": 11 },
          "end": { "line": 49, "column": null }
        },
        "line": 16
      }
    },
    "branchMap": {
      "0": {
        "loc": {
          "start": { "line": 17, "column": 4 },
          "end": { "line": 17, "column": null }
        },
        "type": "if",
        "locations": [
          {
            "start": { "line": 17, "column": 4 },
            "end": { "line": 17, "column": null }
          },
          { "start": {}, "end": {} }
        ],
        "line": 17
      }
    },
    "s": { "0": 0, "1": 0, "2": 0, "3": 0, "4": 0, "5": 0 },
    "f": { "0": 0, "1": 0 },
    "b": { "0": [0, 0] },
    "meta": {
      "lastBranch": 1,
      "lastFunction": 2,
      "lastStatement": 6,
      "seen": {
        "s:8:10:9:Infinity": 0,
        "s:12:2:13:Infinity": 1,
        "f:12:2:12:20": 0,
        "s:13:4:13:Infinity": 2,
        "f:16:2:16:11": 1,
        "b:17:4:17:Infinity:undefined:undefined:undefined:undefined": 0,
        "s:17:4:17:Infinity": 3,
        "s:17:30:17:Infinity": 4,
        "s:18:4:49:Infinity": 5
      }
    }
  },
  "D:\\RS SCHOOL\\class-components_q2y26\\src\\components\\Loader\\Loader.tsx": {
    "path": "D:\\RS SCHOOL\\class-components_q2y26\\src\\components\\Loader\\Loader.tsx",
    "statementMap": {
      "0": {
        "start": { "line": 6, "column": 4 },
        "end": { "line": 9, "column": null }
      }
    },
    "fnMap": {
      "0": {
        "name": "(anonymous_0)",
        "decl": {
          "start": { "line": 5, "column": 2 },
          "end": { "line": 5, "column": 11 }
        },
        "loc": {
          "start": { "line": 5, "column": 11 },
          "end": { "line": 9, "column": null }
        },
        "line": 5
      }
    },
    "branchMap": {},
    "s": { "0": 0 },
    "f": { "0": 0 },
    "b": {},
    "meta": {
      "lastBranch": 0,
      "lastFunction": 1,
      "lastStatement": 1,
      "seen": { "f:5:2:5:11": 0, "s:6:4:9:Infinity": 0 }
    }
  },
  "D:\\RS SCHOOL\\class-components_q2y26\\src\\components\\SearchBar\\SearchBar.tsx": {
    "path": "D:\\RS SCHOOL\\class-components_q2y26\\src\\components\\SearchBar\\SearchBar.tsx",
    "statementMap": {
      "0": {
        "start": { "line": 6, "column": 10 },
        "end": { "line": 7, "column": null }
      },
      "1": {
        "start": { "line": 10, "column": 2 },
        "end": { "line": 11, "column": null }
      },
      "2": {
        "start": { "line": 14, "column": 2 },
        "end": { "line": 15, "column": null }
      },
      "3": {
        "start": { "line": 18, "column": 2 },
        "end": { "line": 21, "column": null }
      },
      "4": {
        "start": { "line": 11, "column": 4 },
        "end": { "line": 11, "column": null }
      },
      "5": {
        "start": { "line": 11, "column": 59 },
        "end": { "line": 11, "column": 64 }
      },
      "6": {
        "start": { "line": 15, "column": 4 },
        "end": { "line": 15, "column": null }
      },
      "7": {
        "start": { "line": 19, "column": 4 },
        "end": { "line": 19, "column": null }
      },
      "8": {
        "start": { "line": 20, "column": 4 },
        "end": { "line": 20, "column": null }
      },
      "9": {
        "start": { "line": 21, "column": 4 },
        "end": { "line": 21, "column": null }
      },
      "10": {
        "start": { "line": 21, "column": 40 },
        "end": { "line": 21, "column": 45 }
      },
      "11": {
        "start": { "line": 25, "column": 4 },
        "end": { "line": 42, "column": null }
      }
    },
    "fnMap": {
      "0": {
        "name": "(anonymous_0)",
        "decl": {
          "start": { "line": 10, "column": 2 },
          "end": { "line": 10, "column": 23 }
        },
        "loc": {
          "start": { "line": 10, "column": 23 },
          "end": { "line": 11, "column": null }
        },
        "line": 10
      },
      "1": {
        "name": "(anonymous_1)",
        "decl": {
          "start": { "line": 11, "column": 47 },
          "end": { "line": 11, "column": 59 }
        },
        "loc": {
          "start": { "line": 11, "column": 59 },
          "end": { "line": 11, "column": 64 }
        },
        "line": 11
      },
      "2": {
        "name": "(anonymous_2)",
        "decl": {
          "start": { "line": 14, "column": 2 },
          "end": { "line": 14, "column": 23 }
        },
        "loc": {
          "start": { "line": 14, "column": 60 },
          "end": { "line": 15, "column": null }
        },
        "line": 14
      },
      "3": {
        "name": "(anonymous_3)",
        "decl": {
          "start": { "line": 18, "column": 2 },
          "end": { "line": 18, "column": 22 }
        },
        "loc": {
          "start": { "line": 18, "column": 22 },
          "end": { "line": 21, "column": null }
        },
        "line": 18
      },
      "4": {
        "name": "(anonymous_4)",
        "decl": {
          "start": { "line": 21, "column": 28 },
          "end": { "line": 21, "column": 40 }
        },
        "loc": {
          "start": { "line": 21, "column": 40 },
          "end": { "line": 21, "column": 45 }
        },
        "line": 21
      },
      "5": {
        "name": "(anonymous_5)",
        "decl": {
          "start": { "line": 24, "column": 2 },
          "end": { "line": 24, "column": 11 }
        },
        "loc": {
          "start": { "line": 24, "column": 11 },
          "end": { "line": 42, "column": null }
        },
        "line": 24
      }
    },
    "branchMap": {
      "0": {
        "loc": {
          "start": { "line": 7, "column": 16 },
          "end": { "line": 7, "column": null }
        },
        "type": "binary-expr",
        "locations": [
          {
            "start": { "line": 7, "column": 16 },
            "end": { "line": 7, "column": 50 }
          },
          {
            "start": { "line": 7, "column": 54 },
            "end": { "line": 7, "column": null }
          }
        ],
        "line": 7
      }
    },
    "s": {
      "0": 0,
      "1": 0,
      "2": 0,
      "3": 0,
      "4": 0,
      "5": 0,
      "6": 0,
      "7": 0,
      "8": 0,
      "9": 0,
      "10": 0,
      "11": 0
    },
    "f": { "0": 0, "1": 0, "2": 0, "3": 0, "4": 0, "5": 0 },
    "b": { "0": [0, 0] },
    "meta": {
      "lastBranch": 1,
      "lastFunction": 6,
      "lastStatement": 12,
      "seen": {
        "s:6:10:7:Infinity": 0,
        "s:10:2:11:Infinity": 1,
        "s:14:2:15:Infinity": 2,
        "s:18:2:21:Infinity": 3,
        "b:7:16:7:50:7:54:7:Infinity": 0,
        "f:10:2:10:23": 0,
        "s:11:4:11:Infinity": 4,
        "f:11:47:11:59": 1,
        "s:11:59:11:64": 5,
        "f:14:2:14:23": 2,
        "s:15:4:15:Infinity": 6,
        "f:18:2:18:22": 3,
        "s:19:4:19:Infinity": 7,
        "s:20:4:20:Infinity": 8,
        "s:21:4:21:Infinity": 9,
        "f:21:28:21:40": 4,
        "s:21:40:21:45": 10,
        "f:24:2:24:11": 5,
        "s:25:4:42:Infinity": 11
      }
    }
  },
  "D:\\RS SCHOOL\\class-components_q2y26\\src\\types\\characters.ts": {
    "path": "D:\\RS SCHOOL\\class-components_q2y26\\src\\types\\characters.ts",
    "statementMap": {},
    "fnMap": {},
    "branchMap": {},
    "s": {},
    "f": {},
    "b": {},
    "meta": {
      "lastBranch": 0,
      "lastFunction": 0,
      "lastStatement": 0,
      "seen": {}
    }
  },
  "D:\\RS SCHOOL\\class-components_q2y26\\src\\types\\search.ts": {
    "path": "D:\\RS SCHOOL\\class-components_q2y26\\src\\types\\search.ts",
    "statementMap": {},
    "fnMap": {},
    "branchMap": {},
    "s": {},
    "f": {},
    "b": {},
    "meta": {
      "lastBranch": 0,
      "lastFunction": 0,
      "lastStatement": 0,
      "seen": {}
    }
  }
}
